Performing C SOURCE FILE Test FLAG_C_LOGICAL_OP failed with the following output:
Change Dir: /Users/jcox9890/Documents/Dolphin-Lua-Mac/build/CMakeFiles/CMakeTmp

Run Build Command(s):/usr/bin/make -f Makefile cmTC_2aedc/fast && /Applications/Xcode.app/Contents/Developer/usr/bin/make  -f CMakeFiles/cmTC_2aedc.dir/build.make CMakeFiles/cmTC_2aedc.dir/build
Building C object CMakeFiles/cmTC_2aedc.dir/src.c.o
/Applications/Xcode.app/Contents/Developer/Toolchains/XcodeDefault.xctoolchain/usr/bin/cc -DFLAG_C_LOGICAL_OP  -arch x86_64 -isysroot /Applications/Xcode.app/Contents/Developer/Platforms/MacOSX.platform/Developer/SDKs/MacOSX11.1.sdk -mmacosx-version-min=10.9   -Wlogical-op -MD -MT CMakeFiles/cmTC_2aedc.dir/src.c.o -MF CMakeFiles/cmTC_2aedc.dir/src.c.o.d -o CMakeFiles/cmTC_2aedc.dir/src.c.o -c /Users/jcox9890/Documents/Dolphin-Lua-Mac/build/CMakeFiles/CMakeTmp/src.c
warning: unknown warning option '-Wlogical-op'; did you mean '-Wlong-long'? [-Wunknown-warning-option]
1 warning generated.
Linking C executable cmTC_2aedc
/private/tmp/brew/Cellar/cmake/3.20.0/bin/cmake -E cmake_link_script CMakeFiles/cmTC_2aedc.dir/link.txt --verbose=1
/Applications/Xcode.app/Contents/Developer/Toolchains/XcodeDefault.xctoolchain/usr/bin/cc  -arch x86_64 -isysroot /Applications/Xcode.app/Contents/Developer/Platforms/MacOSX.platform/Developer/SDKs/MacOSX11.1.sdk -mmacosx-version-min=10.9 -Wl,-search_paths_first -Wl,-headerpad_max_install_names CMakeFiles/cmTC_2aedc.dir/src.c.o -o cmTC_2aedc 


Source file was:
int main(void) { return 0; }
Performing C++ SOURCE FILE Test FLAG_CXX_LOGICAL_OP failed with the following output:
Change Dir: /Users/jcox9890/Documents/Dolphin-Lua-Mac/build/CMakeFiles/CMakeTmp

Run Build Command(s):/usr/bin/make -f Makefile cmTC_725fd/fast && /Applications/Xcode.app/Contents/Developer/usr/bin/make  -f CMakeFiles/cmTC_725fd.dir/build.make CMakeFiles/cmTC_725fd.dir/build
Building CXX object CMakeFiles/cmTC_725fd.dir/src.cxx.o
/Applications/Xcode.app/Contents/Developer/Toolchains/XcodeDefault.xctoolchain/usr/bin/c++ -DFLAG_CXX_LOGICAL_OP  -arch x86_64 -isysroot /Applications/Xcode.app/Contents/Developer/Platforms/MacOSX.platform/Developer/SDKs/MacOSX11.1.sdk -mmacosx-version-min=10.9   -Wlogical-op -MD -MT CMakeFiles/cmTC_725fd.dir/src.cxx.o -MF CMakeFiles/cmTC_725fd.dir/src.cxx.o.d -o CMakeFiles/cmTC_725fd.dir/src.cxx.o -c /Users/jcox9890/Documents/Dolphin-Lua-Mac/build/CMakeFiles/CMakeTmp/src.cxx
warning: unknown warning option '-Wlogical-op'; did you mean '-Wlong-long'? [-Wunknown-warning-option]
1 warning generated.
Linking CXX executable cmTC_725fd
/private/tmp/brew/Cellar/cmake/3.20.0/bin/cmake -E cmake_link_script CMakeFiles/cmTC_725fd.dir/link.txt --verbose=1
/Applications/Xcode.app/Contents/Developer/Toolchains/XcodeDefault.xctoolchain/usr/bin/c++  -arch x86_64 -isysroot /Applications/Xcode.app/Contents/Developer/Platforms/MacOSX.platform/Developer/SDKs/MacOSX11.1.sdk -mmacosx-version-min=10.9 -Wl,-search_paths_first -Wl,-headerpad_max_install_names CMakeFiles/cmTC_725fd.dir/src.cxx.o -o cmTC_725fd 


Source file was:
int main() { return 0; }
Performing C SOURCE FILE Test FLAG_C_CXX11 failed with the following output:
Change Dir: /Users/jcox9890/Documents/Dolphin-Lua-Mac/build/CMakeFiles/CMakeTmp

Run Build Command(s):/usr/bin/make -f Makefile cmTC_67e77/fast && /Applications/Xcode.app/Contents/Developer/usr/bin/make  -f CMakeFiles/cmTC_67e77.dir/build.make CMakeFiles/cmTC_67e77.dir/build
Building C object CMakeFiles/cmTC_67e77.dir/src.c.o
/Applications/Xcode.app/Contents/Developer/Toolchains/XcodeDefault.xctoolchain/usr/bin/cc -DFLAG_C_CXX11  -arch x86_64 -isysroot /Applications/Xcode.app/Contents/Developer/Platforms/MacOSX.platform/Developer/SDKs/MacOSX11.1.sdk -mmacosx-version-min=10.9   -std=c++11 -MD -MT CMakeFiles/cmTC_67e77.dir/src.c.o -MF CMakeFiles/cmTC_67e77.dir/src.c.o.d -o CMakeFiles/cmTC_67e77.dir/src.c.o -c /Users/jcox9890/Documents/Dolphin-Lua-Mac/build/CMakeFiles/CMakeTmp/src.c
error: invalid argument '-std=c++11' not allowed with 'C'
make[1]: *** [CMakeFiles/cmTC_67e77.dir/src.c.o] Error 1
make: *** [cmTC_67e77/fast] Error 2


Source file was:
int main(void) { return 0; }
Determining if the function gethostbyname_r exists failed with the following output:
Change Dir: /Users/jcox9890/Documents/Dolphin-Lua-Mac/build/CMakeFiles/CMakeTmp

Run Build Command(s):/usr/bin/make -f Makefile cmTC_a4e12/fast && /Applications/Xcode.app/Contents/Developer/usr/bin/make  -f CMakeFiles/cmTC_a4e12.dir/build.make CMakeFiles/cmTC_a4e12.dir/build
Building C object CMakeFiles/cmTC_a4e12.dir/CheckFunctionExists.c.o
/Applications/Xcode.app/Contents/Developer/Toolchains/XcodeDefault.xctoolchain/usr/bin/cc   -DCHECK_FUNCTION_EXISTS=gethostbyname_r -arch x86_64 -isysroot /Applications/Xcode.app/Contents/Developer/Platforms/MacOSX.platform/Developer/SDKs/MacOSX11.1.sdk -mmacosx-version-min=10.9 -MD -MT CMakeFiles/cmTC_a4e12.dir/CheckFunctionExists.c.o -MF CMakeFiles/cmTC_a4e12.dir/CheckFunctionExists.c.o.d -o CMakeFiles/cmTC_a4e12.dir/CheckFunctionExists.c.o -c /tmp/brew/Cellar/cmake/3.20.0/share/cmake/Modules/CheckFunctionExists.c
Linking C executable cmTC_a4e12
/private/tmp/brew/Cellar/cmake/3.20.0/bin/cmake -E cmake_link_script CMakeFiles/cmTC_a4e12.dir/link.txt --verbose=1
/Applications/Xcode.app/Contents/Developer/Toolchains/XcodeDefault.xctoolchain/usr/bin/cc  -DCHECK_FUNCTION_EXISTS=gethostbyname_r -arch x86_64 -isysroot /Applications/Xcode.app/Contents/Developer/Platforms/MacOSX.platform/Developer/SDKs/MacOSX11.1.sdk -mmacosx-version-min=10.9 -Wl,-search_paths_first -Wl,-headerpad_max_install_names CMakeFiles/cmTC_a4e12.dir/CheckFunctionExists.c.o -o cmTC_a4e12 
Undefined symbols for architecture x86_64:
  "_gethostbyname_r", referenced from:
      _main in CheckFunctionExists.c.o
ld: symbol(s) not found for architecture x86_64
clang: error: linker command failed with exit code 1 (use -v to see invocation)
make[1]: *** [cmTC_a4e12] Error 1
make: *** [cmTC_a4e12/fast] Error 2



Determining if the function gethostbyaddr_r exists failed with the following output:
Change Dir: /Users/jcox9890/Documents/Dolphin-Lua-Mac/build/CMakeFiles/CMakeTmp

Run Build Command(s):/usr/bin/make -f Makefile cmTC_3f1ed/fast && /Applications/Xcode.app/Contents/Developer/usr/bin/make  -f CMakeFiles/cmTC_3f1ed.dir/build.make CMakeFiles/cmTC_3f1ed.dir/build
Building C object CMakeFiles/cmTC_3f1ed.dir/CheckFunctionExists.c.o
/Applications/Xcode.app/Contents/Developer/Toolchains/XcodeDefault.xctoolchain/usr/bin/cc   -DCHECK_FUNCTION_EXISTS=gethostbyaddr_r -arch x86_64 -isysroot /Applications/Xcode.app/Contents/Developer/Platforms/MacOSX.platform/Developer/SDKs/MacOSX11.1.sdk -mmacosx-version-min=10.9 -MD -MT CMakeFiles/cmTC_3f1ed.dir/CheckFunctionExists.c.o -MF CMakeFiles/cmTC_3f1ed.dir/CheckFunctionExists.c.o.d -o CMakeFiles/cmTC_3f1ed.dir/CheckFunctionExists.c.o -c /tmp/brew/Cellar/cmake/3.20.0/share/cmake/Modules/CheckFunctionExists.c
Linking C executable cmTC_3f1ed
/private/tmp/brew/Cellar/cmake/3.20.0/bin/cmake -E cmake_link_script CMakeFiles/cmTC_3f1ed.dir/link.txt --verbose=1
/Applications/Xcode.app/Contents/Developer/Toolchains/XcodeDefault.xctoolchain/usr/bin/cc  -DCHECK_FUNCTION_EXISTS=gethostbyaddr_r -arch x86_64 -isysroot /Applications/Xcode.app/Contents/Developer/Platforms/MacOSX.platform/Developer/SDKs/MacOSX11.1.sdk -mmacosx-version-min=10.9 -Wl,-search_paths_first -Wl,-headerpad_max_install_names CMakeFiles/cmTC_3f1ed.dir/CheckFunctionExists.c.o -o cmTC_3f1ed 
Undefined symbols for architecture x86_64:
  "_gethostbyaddr_r", referenced from:
      _main in CheckFunctionExists.c.o
ld: symbol(s) not found for architecture x86_64
clang: error: linker command failed with exit code 1 (use -v to see invocation)
make[1]: *** [cmTC_3f1ed] Error 1
make: *** [cmTC_3f1ed/fast] Error 2



Determining if files pulse/pulseaudio.h exist failed with the following output:
Change Dir: /Users/jcox9890/Documents/Dolphin-Lua-Mac/build/CMakeFiles/CMakeTmp

Run Build Command(s):/usr/bin/make -f Makefile cmTC_188fa/fast && /Applications/Xcode.app/Contents/Developer/usr/bin/make  -f CMakeFiles/cmTC_188fa.dir/build.make CMakeFiles/cmTC_188fa.dir/build
Building C object CMakeFiles/cmTC_188fa.dir/USE_PULSE.c.o
/Applications/Xcode.app/Contents/Developer/Toolchains/XcodeDefault.xctoolchain/usr/bin/cc   -Wall -Wextra -Wno-unused-parameter  -arch x86_64 -isysroot /Applications/Xcode.app/Contents/Developer/Platforms/MacOSX.platform/Developer/SDKs/MacOSX11.1.sdk -mmacosx-version-min=10.9 -MD -MT CMakeFiles/cmTC_188fa.dir/USE_PULSE.c.o -MF CMakeFiles/cmTC_188fa.dir/USE_PULSE.c.o.d -o CMakeFiles/cmTC_188fa.dir/USE_PULSE.c.o -c /Users/jcox9890/Documents/Dolphin-Lua-Mac/build/CMakeFiles/CheckIncludeFiles/USE_PULSE.c
/Users/jcox9890/Documents/Dolphin-Lua-Mac/build/CMakeFiles/CheckIncludeFiles/USE_PULSE.c:2:10: fatal error: 'pulse/pulseaudio.h' file not found
#include <pulse/pulseaudio.h>
         ^~~~~~~~~~~~~~~~~~~~
1 error generated.
make[1]: *** [CMakeFiles/cmTC_188fa.dir/USE_PULSE.c.o] Error 1
make: *** [cmTC_188fa/fast] Error 2


Source:
/* */
#include <pulse/pulseaudio.h>


int main(void){return 0;}

Determining if files alsa/asoundlib.h exist failed with the following output:
Change Dir: /Users/jcox9890/Documents/Dolphin-Lua-Mac/build/CMakeFiles/CMakeTmp

Run Build Command(s):/usr/bin/make -f Makefile cmTC_ce4ed/fast && /Applications/Xcode.app/Contents/Developer/usr/bin/make  -f CMakeFiles/cmTC_ce4ed.dir/build.make CMakeFiles/cmTC_ce4ed.dir/build
Building C object CMakeFiles/cmTC_ce4ed.dir/USE_ALSA.c.o
/Applications/Xcode.app/Contents/Developer/Toolchains/XcodeDefault.xctoolchain/usr/bin/cc   -Wall -Wextra -Wno-unused-parameter  -arch x86_64 -isysroot /Applications/Xcode.app/Contents/Developer/Platforms/MacOSX.platform/Developer/SDKs/MacOSX11.1.sdk -mmacosx-version-min=10.9 -MD -MT CMakeFiles/cmTC_ce4ed.dir/USE_ALSA.c.o -MF CMakeFiles/cmTC_ce4ed.dir/USE_ALSA.c.o.d -o CMakeFiles/cmTC_ce4ed.dir/USE_ALSA.c.o -c /Users/jcox9890/Documents/Dolphin-Lua-Mac/build/CMakeFiles/CheckIncludeFiles/USE_ALSA.c
/Users/jcox9890/Documents/Dolphin-Lua-Mac/build/CMakeFiles/CheckIncludeFiles/USE_ALSA.c:2:10: fatal error: 'alsa/asoundlib.h' file not found
#include <alsa/asoundlib.h>
         ^~~~~~~~~~~~~~~~~~
1 error generated.
make[1]: *** [CMakeFiles/cmTC_ce4ed.dir/USE_ALSA.c.o] Error 1
make: *** [cmTC_ce4ed/fast] Error 2


Source:
/* */
#include <alsa/asoundlib.h>


int main(void){return 0;}

Determining if files jack/jack.h exist failed with the following output:
Change Dir: /Users/jcox9890/Documents/Dolphin-Lua-Mac/build/CMakeFiles/CMakeTmp

Run Build Command(s):/usr/bin/make -f Makefile cmTC_1a5d4/fast && /Applications/Xcode.app/Contents/Developer/usr/bin/make  -f CMakeFiles/cmTC_1a5d4.dir/build.make CMakeFiles/cmTC_1a5d4.dir/build
Building C object CMakeFiles/cmTC_1a5d4.dir/USE_JACK.c.o
/Applications/Xcode.app/Contents/Developer/Toolchains/XcodeDefault.xctoolchain/usr/bin/cc   -Wall -Wextra -Wno-unused-parameter  -arch x86_64 -isysroot /Applications/Xcode.app/Contents/Developer/Platforms/MacOSX.platform/Developer/SDKs/MacOSX11.1.sdk -mmacosx-version-min=10.9 -MD -MT CMakeFiles/cmTC_1a5d4.dir/USE_JACK.c.o -MF CMakeFiles/cmTC_1a5d4.dir/USE_JACK.c.o.d -o CMakeFiles/cmTC_1a5d4.dir/USE_JACK.c.o -c /Users/jcox9890/Documents/Dolphin-Lua-Mac/build/CMakeFiles/CheckIncludeFiles/USE_JACK.c
/Users/jcox9890/Documents/Dolphin-Lua-Mac/build/CMakeFiles/CheckIncludeFiles/USE_JACK.c:2:10: fatal error: 'jack/jack.h' file not found
#include <jack/jack.h>
         ^~~~~~~~~~~~~
1 error generated.
make[1]: *** [CMakeFiles/cmTC_1a5d4.dir/USE_JACK.c.o] Error 1
make: *** [cmTC_1a5d4/fast] Error 2


Source:
/* */
#include <jack/jack.h>


int main(void){return 0;}

Determining if files audioclient.h exist failed with the following output:
Change Dir: /Users/jcox9890/Documents/Dolphin-Lua-Mac/build/CMakeFiles/CMakeTmp

Run Build Command(s):/usr/bin/make -f Makefile cmTC_600f9/fast && /Applications/Xcode.app/Contents/Developer/usr/bin/make  -f CMakeFiles/cmTC_600f9.dir/build.make CMakeFiles/cmTC_600f9.dir/build
Building C object CMakeFiles/cmTC_600f9.dir/USE_WASAPI.c.o
/Applications/Xcode.app/Contents/Developer/Toolchains/XcodeDefault.xctoolchain/usr/bin/cc   -Wall -Wextra -Wno-unused-parameter  -arch x86_64 -isysroot /Applications/Xcode.app/Contents/Developer/Platforms/MacOSX.platform/Developer/SDKs/MacOSX11.1.sdk -mmacosx-version-min=10.9 -MD -MT CMakeFiles/cmTC_600f9.dir/USE_WASAPI.c.o -MF CMakeFiles/cmTC_600f9.dir/USE_WASAPI.c.o.d -o CMakeFiles/cmTC_600f9.dir/USE_WASAPI.c.o -c /Users/jcox9890/Documents/Dolphin-Lua-Mac/build/CMakeFiles/CheckIncludeFiles/USE_WASAPI.c
/Users/jcox9890/Documents/Dolphin-Lua-Mac/build/CMakeFiles/CheckIncludeFiles/USE_WASAPI.c:2:10: fatal error: 'audioclient.h' file not found
#include <audioclient.h>
         ^~~~~~~~~~~~~~~
1 error generated.
make[1]: *** [CMakeFiles/cmTC_600f9.dir/USE_WASAPI.c.o] Error 1
make: *** [cmTC_600f9/fast] Error 2


Source:
/* */
#include <audioclient.h>


int main(void){return 0;}

Determining if files windows.h;mmsystem.h exist failed with the following output:
Change Dir: /Users/jcox9890/Documents/Dolphin-Lua-Mac/build/CMakeFiles/CMakeTmp

Run Build Command(s):/usr/bin/make -f Makefile cmTC_59dad/fast && /Applications/Xcode.app/Contents/Developer/usr/bin/make  -f CMakeFiles/cmTC_59dad.dir/build.make CMakeFiles/cmTC_59dad.dir/build
Building C object CMakeFiles/cmTC_59dad.dir/USE_WINMM.c.o
/Applications/Xcode.app/Contents/Developer/Toolchains/XcodeDefault.xctoolchain/usr/bin/cc   -Wall -Wextra -Wno-unused-parameter  -arch x86_64 -isysroot /Applications/Xcode.app/Contents/Developer/Platforms/MacOSX.platform/Developer/SDKs/MacOSX11.1.sdk -mmacosx-version-min=10.9 -MD -MT CMakeFiles/cmTC_59dad.dir/USE_WINMM.c.o -MF CMakeFiles/cmTC_59dad.dir/USE_WINMM.c.o.d -o CMakeFiles/cmTC_59dad.dir/USE_WINMM.c.o -c /Users/jcox9890/Documents/Dolphin-Lua-Mac/build/CMakeFiles/CheckIncludeFiles/USE_WINMM.c
/Users/jcox9890/Documents/Dolphin-Lua-Mac/build/CMakeFiles/CheckIncludeFiles/USE_WINMM.c:2:10: fatal error: 'windows.h' file not found
#include <windows.h>
         ^~~~~~~~~~~
1 error generated.
make[1]: *** [CMakeFiles/cmTC_59dad.dir/USE_WINMM.c.o] Error 1
make: *** [cmTC_59dad/fast] Error 2


Source:
/* */
#include <windows.h>
#include <mmsystem.h>


int main(void){return 0;}

Determining if files SLES/OpenSLES.h exist failed with the following output:
Change Dir: /Users/jcox9890/Documents/Dolphin-Lua-Mac/build/CMakeFiles/CMakeTmp

Run Build Command(s):/usr/bin/make -f Makefile cmTC_a2b2e/fast && /Applications/Xcode.app/Contents/Developer/usr/bin/make  -f CMakeFiles/cmTC_a2b2e.dir/build.make CMakeFiles/cmTC_a2b2e.dir/build
Building C object CMakeFiles/cmTC_a2b2e.dir/USE_OPENSL.c.o
/Applications/Xcode.app/Contents/Developer/Toolchains/XcodeDefault.xctoolchain/usr/bin/cc   -Wall -Wextra -Wno-unused-parameter  -arch x86_64 -isysroot /Applications/Xcode.app/Contents/Developer/Platforms/MacOSX.platform/Developer/SDKs/MacOSX11.1.sdk -mmacosx-version-min=10.9 -MD -MT CMakeFiles/cmTC_a2b2e.dir/USE_OPENSL.c.o -MF CMakeFiles/cmTC_a2b2e.dir/USE_OPENSL.c.o.d -o CMakeFiles/cmTC_a2b2e.dir/USE_OPENSL.c.o -c /Users/jcox9890/Documents/Dolphin-Lua-Mac/build/CMakeFiles/CheckIncludeFiles/USE_OPENSL.c
/Users/jcox9890/Documents/Dolphin-Lua-Mac/build/CMakeFiles/CheckIncludeFiles/USE_OPENSL.c:2:10: fatal error: 'SLES/OpenSLES.h' file not found
#include <SLES/OpenSLES.h>
         ^~~~~~~~~~~~~~~~~
1 error generated.
make[1]: *** [CMakeFiles/cmTC_a2b2e.dir/USE_OPENSL.c.o] Error 1
make: *** [cmTC_a2b2e/fast] Error 2


Source:
/* */
#include <SLES/OpenSLES.h>


int main(void){return 0;}

Determining if files android/log.h exist failed with the following output:
Change Dir: /Users/jcox9890/Documents/Dolphin-Lua-Mac/build/CMakeFiles/CMakeTmp

Run Build Command(s):/usr/bin/make -f Makefile cmTC_431fc/fast && /Applications/Xcode.app/Contents/Developer/usr/bin/make  -f CMakeFiles/cmTC_431fc.dir/build.make CMakeFiles/cmTC_431fc.dir/build
Building C object CMakeFiles/cmTC_431fc.dir/USE_AUDIOTRACK.c.o
/Applications/Xcode.app/Contents/Developer/Toolchains/XcodeDefault.xctoolchain/usr/bin/cc   -Wall -Wextra -Wno-unused-parameter  -arch x86_64 -isysroot /Applications/Xcode.app/Contents/Developer/Platforms/MacOSX.platform/Developer/SDKs/MacOSX11.1.sdk -mmacosx-version-min=10.9 -MD -MT CMakeFiles/cmTC_431fc.dir/USE_AUDIOTRACK.c.o -MF CMakeFiles/cmTC_431fc.dir/USE_AUDIOTRACK.c.o.d -o CMakeFiles/cmTC_431fc.dir/USE_AUDIOTRACK.c.o -c /Users/jcox9890/Documents/Dolphin-Lua-Mac/build/CMakeFiles/CheckIncludeFiles/USE_AUDIOTRACK.c
/Users/jcox9890/Documents/Dolphin-Lua-Mac/build/CMakeFiles/CheckIncludeFiles/USE_AUDIOTRACK.c:2:10: fatal error: 'android/log.h' file not found
#include <android/log.h>
         ^~~~~~~~~~~~~~~
1 error generated.
make[1]: *** [CMakeFiles/cmTC_431fc.dir/USE_AUDIOTRACK.c.o] Error 1
make: *** [cmTC_431fc/fast] Error 2


Source:
/* */
#include <android/log.h>


int main(void){return 0;}

Determining if files sndio.h exist failed with the following output:
Change Dir: /Users/jcox9890/Documents/Dolphin-Lua-Mac/build/CMakeFiles/CMakeTmp

Run Build Command(s):/usr/bin/make -f Makefile cmTC_3b379/fast && /Applications/Xcode.app/Contents/Developer/usr/bin/make  -f CMakeFiles/cmTC_3b379.dir/build.make CMakeFiles/cmTC_3b379.dir/build
Building C object CMakeFiles/cmTC_3b379.dir/USE_SNDIO.c.o
/Applications/Xcode.app/Contents/Developer/Toolchains/XcodeDefault.xctoolchain/usr/bin/cc   -Wall -Wextra -Wno-unused-parameter  -arch x86_64 -isysroot /Applications/Xcode.app/Contents/Developer/Platforms/MacOSX.platform/Developer/SDKs/MacOSX11.1.sdk -mmacosx-version-min=10.9 -MD -MT CMakeFiles/cmTC_3b379.dir/USE_SNDIO.c.o -MF CMakeFiles/cmTC_3b379.dir/USE_SNDIO.c.o.d -o CMakeFiles/cmTC_3b379.dir/USE_SNDIO.c.o -c /Users/jcox9890/Documents/Dolphin-Lua-Mac/build/CMakeFiles/CheckIncludeFiles/USE_SNDIO.c
/Users/jcox9890/Documents/Dolphin-Lua-Mac/build/CMakeFiles/CheckIncludeFiles/USE_SNDIO.c:2:10: fatal error: 'sndio.h' file not found
#include <sndio.h>
         ^~~~~~~~~
1 error generated.
make[1]: *** [CMakeFiles/cmTC_3b379.dir/USE_SNDIO.c.o] Error 1
make: *** [cmTC_3b379/fast] Error 2


Source:
/* */
#include <sndio.h>


int main(void){return 0;}

Determining if files kai.h exist failed with the following output:
Change Dir: /Users/jcox9890/Documents/Dolphin-Lua-Mac/build/CMakeFiles/CMakeTmp

Run Build Command(s):/usr/bin/make -f Makefile cmTC_9afba/fast && /Applications/Xcode.app/Contents/Developer/usr/bin/make  -f CMakeFiles/cmTC_9afba.dir/build.make CMakeFiles/cmTC_9afba.dir/build
Building C object CMakeFiles/cmTC_9afba.dir/USE_KAI.c.o
/Applications/Xcode.app/Contents/Developer/Toolchains/XcodeDefault.xctoolchain/usr/bin/cc   -Wall -Wextra -Wno-unused-parameter  -arch x86_64 -isysroot /Applications/Xcode.app/Contents/Developer/Platforms/MacOSX.platform/Developer/SDKs/MacOSX11.1.sdk -mmacosx-version-min=10.9 -MD -MT CMakeFiles/cmTC_9afba.dir/USE_KAI.c.o -MF CMakeFiles/cmTC_9afba.dir/USE_KAI.c.o.d -o CMakeFiles/cmTC_9afba.dir/USE_KAI.c.o -c /Users/jcox9890/Documents/Dolphin-Lua-Mac/build/CMakeFiles/CheckIncludeFiles/USE_KAI.c
/Users/jcox9890/Documents/Dolphin-Lua-Mac/build/CMakeFiles/CheckIncludeFiles/USE_KAI.c:2:10: fatal error: 'kai.h' file not found
#include <kai.h>
         ^~~~~~~
1 error generated.
make[1]: *** [CMakeFiles/cmTC_9afba.dir/USE_KAI.c.o] Error 1
make: *** [cmTC_9afba/fast] Error 2


Source:
/* */
#include <kai.h>


int main(void){return 0;}

Determining if files asm/types.h exist failed with the following output:
Change Dir: /Users/jcox9890/Documents/Dolphin-Lua-Mac/build/CMakeFiles/CMakeTmp

Run Build Command(s):/usr/bin/make -f Makefile cmTC_6d9bc/fast && /Applications/Xcode.app/Contents/Developer/usr/bin/make  -f CMakeFiles/cmTC_6d9bc.dir/build.make CMakeFiles/cmTC_6d9bc.dir/build
Building C object CMakeFiles/cmTC_6d9bc.dir/HAVE_ASM_TYPES_H.c.o
/Applications/Xcode.app/Contents/Developer/Toolchains/XcodeDefault.xctoolchain/usr/bin/cc   -arch x86_64 -isysroot /Applications/Xcode.app/Contents/Developer/Platforms/MacOSX.platform/Developer/SDKs/MacOSX11.1.sdk -mmacosx-version-min=10.9 -MD -MT CMakeFiles/cmTC_6d9bc.dir/HAVE_ASM_TYPES_H.c.o -MF CMakeFiles/cmTC_6d9bc.dir/HAVE_ASM_TYPES_H.c.o.d -o CMakeFiles/cmTC_6d9bc.dir/HAVE_ASM_TYPES_H.c.o -c /Users/jcox9890/Documents/Dolphin-Lua-Mac/build/CMakeFiles/CheckIncludeFiles/HAVE_ASM_TYPES_H.c
/Users/jcox9890/Documents/Dolphin-Lua-Mac/build/CMakeFiles/CheckIncludeFiles/HAVE_ASM_TYPES_H.c:2:10: fatal error: 'asm/types.h' file not found
#include <asm/types.h>
         ^~~~~~~~~~~~~
1 error generated.
make[1]: *** [CMakeFiles/cmTC_6d9bc.dir/HAVE_ASM_TYPES_H.c.o] Error 1
make: *** [cmTC_6d9bc/fast] Error 2


Source:
/* */
#include <asm/types.h>


int main(void){return 0;}

Determining if files linux/filter.h exist failed with the following output:
Change Dir: /Users/jcox9890/Documents/Dolphin-Lua-Mac/build/CMakeFiles/CMakeTmp

Run Build Command(s):/usr/bin/make -f Makefile cmTC_2c589/fast && /Applications/Xcode.app/Contents/Developer/usr/bin/make  -f CMakeFiles/cmTC_2c589.dir/build.make CMakeFiles/cmTC_2c589.dir/build
Building C object CMakeFiles/cmTC_2c589.dir/HAVE_LINUX_FILTER_H.c.o
/Applications/Xcode.app/Contents/Developer/Toolchains/XcodeDefault.xctoolchain/usr/bin/cc   -arch x86_64 -isysroot /Applications/Xcode.app/Contents/Developer/Platforms/MacOSX.platform/Developer/SDKs/MacOSX11.1.sdk -mmacosx-version-min=10.9 -MD -MT CMakeFiles/cmTC_2c589.dir/HAVE_LINUX_FILTER_H.c.o -MF CMakeFiles/cmTC_2c589.dir/HAVE_LINUX_FILTER_H.c.o.d -o CMakeFiles/cmTC_2c589.dir/HAVE_LINUX_FILTER_H.c.o -c /Users/jcox9890/Documents/Dolphin-Lua-Mac/build/CMakeFiles/CheckIncludeFiles/HAVE_LINUX_FILTER_H.c
/Users/jcox9890/Documents/Dolphin-Lua-Mac/build/CMakeFiles/CheckIncludeFiles/HAVE_LINUX_FILTER_H.c:2:10: fatal error: 'linux/filter.h' file not found
#include <linux/filter.h>
         ^~~~~~~~~~~~~~~~
1 error generated.
make[1]: *** [CMakeFiles/cmTC_2c589.dir/HAVE_LINUX_FILTER_H.c.o] Error 1
make: *** [cmTC_2c589/fast] Error 2


Source:
/* */
#include <linux/filter.h>


int main(void){return 0;}

Determining if files linux/netlink.h exist failed with the following output:
Change Dir: /Users/jcox9890/Documents/Dolphin-Lua-Mac/build/CMakeFiles/CMakeTmp

Run Build Command(s):/usr/bin/make -f Makefile cmTC_94dc8/fast && /Applications/Xcode.app/Contents/Developer/usr/bin/make  -f CMakeFiles/cmTC_94dc8.dir/build.make CMakeFiles/cmTC_94dc8.dir/build
Building C object CMakeFiles/cmTC_94dc8.dir/HAVE_LINUX_NETLINK_H.c.o
/Applications/Xcode.app/Contents/Developer/Toolchains/XcodeDefault.xctoolchain/usr/bin/cc   -arch x86_64 -isysroot /Applications/Xcode.app/Contents/Developer/Platforms/MacOSX.platform/Developer/SDKs/MacOSX11.1.sdk -mmacosx-version-min=10.9 -MD -MT CMakeFiles/cmTC_94dc8.dir/HAVE_LINUX_NETLINK_H.c.o -MF CMakeFiles/cmTC_94dc8.dir/HAVE_LINUX_NETLINK_H.c.o.d -o CMakeFiles/cmTC_94dc8.dir/HAVE_LINUX_NETLINK_H.c.o -c /Users/jcox9890/Documents/Dolphin-Lua-Mac/build/CMakeFiles/CheckIncludeFiles/HAVE_LINUX_NETLINK_H.c
/Users/jcox9890/Documents/Dolphin-Lua-Mac/build/CMakeFiles/CheckIncludeFiles/HAVE_LINUX_NETLINK_H.c:2:10: fatal error: 'linux/netlink.h' file not found
#include <linux/netlink.h>
         ^~~~~~~~~~~~~~~~~
1 error generated.
make[1]: *** [CMakeFiles/cmTC_94dc8.dir/HAVE_LINUX_NETLINK_H.c.o] Error 1
make: *** [cmTC_94dc8/fast] Error 2


Source:
/* */
#include <linux/netlink.h>


int main(void){return 0;}

Determining size of struct timespec failed with the following output:
Change Dir: /Users/jcox9890/Documents/Dolphin-Lua-Mac/build/CMakeFiles/CMakeTmp

Run Build Command(s):/usr/bin/make -f Makefile cmTC_e1c77/fast && /Applications/Xcode.app/Contents/Developer/usr/bin/make  -f CMakeFiles/cmTC_e1c77.dir/build.make CMakeFiles/cmTC_e1c77.dir/build
Building C object CMakeFiles/cmTC_e1c77.dir/STRUCT_TIMESPEC.c.o
/Applications/Xcode.app/Contents/Developer/Toolchains/XcodeDefault.xctoolchain/usr/bin/cc   -arch x86_64 -isysroot /Applications/Xcode.app/Contents/Developer/Platforms/MacOSX.platform/Developer/SDKs/MacOSX11.1.sdk -mmacosx-version-min=10.9 -MD -MT CMakeFiles/cmTC_e1c77.dir/STRUCT_TIMESPEC.c.o -MF CMakeFiles/cmTC_e1c77.dir/STRUCT_TIMESPEC.c.o.d -o CMakeFiles/cmTC_e1c77.dir/STRUCT_TIMESPEC.c.o -c /Users/jcox9890/Documents/Dolphin-Lua-Mac/build/CMakeFiles/CheckTypeSize/STRUCT_TIMESPEC.c
/Users/jcox9890/Documents/Dolphin-Lua-Mac/build/CMakeFiles/CheckTypeSize/STRUCT_TIMESPEC.c:29:12: error: invalid application of 'sizeof' to an incomplete type 'struct timespec'
  ('0' + ((SIZE / 10000)%10)),
           ^~~~
/Users/jcox9890/Documents/Dolphin-Lua-Mac/build/CMakeFiles/CheckTypeSize/STRUCT_TIMESPEC.c:27:15: note: expanded from macro 'SIZE'
#define SIZE (sizeof(struct timespec))
              ^     ~~~~~~~~~~~~~~~~~
/Users/jcox9890/Documents/Dolphin-Lua-Mac/build/CMakeFiles/CheckTypeSize/STRUCT_TIMESPEC.c:29:12: note: forward declaration of 'struct timespec'
/Users/jcox9890/Documents/Dolphin-Lua-Mac/build/CMakeFiles/CheckTypeSize/STRUCT_TIMESPEC.c:27:29: note: expanded from macro 'SIZE'
#define SIZE (sizeof(struct timespec))
                            ^
/Users/jcox9890/Documents/Dolphin-Lua-Mac/build/CMakeFiles/CheckTypeSize/STRUCT_TIMESPEC.c:30:12: error: invalid application of 'sizeof' to an incomplete type 'struct timespec'
  ('0' + ((SIZE / 1000)%10)),
           ^~~~
/Users/jcox9890/Documents/Dolphin-Lua-Mac/build/CMakeFiles/CheckTypeSize/STRUCT_TIMESPEC.c:27:15: note: expanded from macro 'SIZE'
#define SIZE (sizeof(struct timespec))
              ^     ~~~~~~~~~~~~~~~~~
/Users/jcox9890/Documents/Dolphin-Lua-Mac/build/CMakeFiles/CheckTypeSize/STRUCT_TIMESPEC.c:29:12: note: forward declaration of 'struct timespec'
  ('0' + ((SIZE / 10000)%10)),
           ^
/Users/jcox9890/Documents/Dolphin-Lua-Mac/build/CMakeFiles/CheckTypeSize/STRUCT_TIMESPEC.c:27:29: note: expanded from macro 'SIZE'
#define SIZE (sizeof(struct timespec))
                            ^
/Users/jcox9890/Documents/Dolphin-Lua-Mac/build/CMakeFiles/CheckTypeSize/STRUCT_TIMESPEC.c:31:12: error: invalid application of 'sizeof' to an incomplete type 'struct timespec'
  ('0' + ((SIZE / 100)%10)),
           ^~~~
/Users/jcox9890/Documents/Dolphin-Lua-Mac/build/CMakeFiles/CheckTypeSize/STRUCT_TIMESPEC.c:27:15: note: expanded from macro 'SIZE'
#define SIZE (sizeof(struct timespec))
              ^     ~~~~~~~~~~~~~~~~~
/Users/jcox9890/Documents/Dolphin-Lua-Mac/build/CMakeFiles/CheckTypeSize/STRUCT_TIMESPEC.c:29:12: note: forward declaration of 'struct timespec'
  ('0' + ((SIZE / 10000)%10)),
           ^
/Users/jcox9890/Documents/Dolphin-Lua-Mac/build/CMakeFiles/CheckTypeSize/STRUCT_TIMESPEC.c:27:29: note: expanded from macro 'SIZE'
#define SIZE (sizeof(struct timespec))
                            ^
/Users/jcox9890/Documents/Dolphin-Lua-Mac/build/CMakeFiles/CheckTypeSize/STRUCT_TIMESPEC.c:32:12: error: invalid application of 'sizeof' to an incomplete type 'struct timespec'
  ('0' + ((SIZE / 10)%10)),
           ^~~~
/Users/jcox9890/Documents/Dolphin-Lua-Mac/build/CMakeFiles/CheckTypeSize/STRUCT_TIMESPEC.c:27:15: note: expanded from macro 'SIZE'
#define SIZE (sizeof(struct timespec))
              ^     ~~~~~~~~~~~~~~~~~
/Users/jcox9890/Documents/Dolphin-Lua-Mac/build/CMakeFiles/CheckTypeSize/STRUCT_TIMESPEC.c:29:12: note: forward declaration of 'struct timespec'
  ('0' + ((SIZE / 10000)%10)),
           ^
/Users/jcox9890/Documents/Dolphin-Lua-Mac/build/CMakeFiles/CheckTypeSize/STRUCT_TIMESPEC.c:27:29: note: expanded from macro 'SIZE'
#define SIZE (sizeof(struct timespec))
                            ^
/Users/jcox9890/Documents/Dolphin-Lua-Mac/build/CMakeFiles/CheckTypeSize/STRUCT_TIMESPEC.c:33:12: error: invalid application of 'sizeof' to an incomplete type 'struct timespec'
  ('0' +  (SIZE    % 10)),
           ^~~~
/Users/jcox9890/Documents/Dolphin-Lua-Mac/build/CMakeFiles/CheckTypeSize/STRUCT_TIMESPEC.c:27:15: note: expanded from macro 'SIZE'
#define SIZE (sizeof(struct timespec))
              ^     ~~~~~~~~~~~~~~~~~
/Users/jcox9890/Documents/Dolphin-Lua-Mac/build/CMakeFiles/CheckTypeSize/STRUCT_TIMESPEC.c:29:12: note: forward declaration of 'struct timespec'
  ('0' + ((SIZE / 10000)%10)),
           ^
/Users/jcox9890/Documents/Dolphin-Lua-Mac/build/CMakeFiles/CheckTypeSize/STRUCT_TIMESPEC.c:27:29: note: expanded from macro 'SIZE'
#define SIZE (sizeof(struct timespec))
                            ^
5 errors generated.
make[1]: *** [CMakeFiles/cmTC_e1c77.dir/STRUCT_TIMESPEC.c.o] Error 1
make: *** [cmTC_e1c77/fast] Error 2


/Users/jcox9890/Documents/Dolphin-Lua-Mac/build/CMakeFiles/CheckTypeSize/STRUCT_TIMESPEC.c:
#include <sys/types.h>
#include <stdint.h>
#include <stddef.h>


#undef KEY
#if defined(__i386)
# define KEY '_','_','i','3','8','6'
#elif defined(__x86_64)
# define KEY '_','_','x','8','6','_','6','4'
#elif defined(__PPC64__)
# define KEY '_','_','P','P','C','6','4','_','_'
#elif defined(__ppc64__)
# define KEY '_','_','p','p','c','6','4','_','_'
#elif defined(__PPC__)
# define KEY '_','_','P','P','C','_','_'
#elif defined(__ppc__)
# define KEY '_','_','p','p','c','_','_'
#elif defined(__aarch64__)
# define KEY '_','_','a','a','r','c','h','6','4','_','_'
#elif defined(__ARM_ARCH_7A__)
# define KEY '_','_','A','R','M','_','A','R','C','H','_','7','A','_','_'
#elif defined(__ARM_ARCH_7S__)
# define KEY '_','_','A','R','M','_','A','R','C','H','_','7','S','_','_'
#endif

#define SIZE (sizeof(struct timespec))
static char info_size[] =  {'I', 'N', 'F', 'O', ':', 's','i','z','e','[',
  ('0' + ((SIZE / 10000)%10)),
  ('0' + ((SIZE / 1000)%10)),
  ('0' + ((SIZE / 100)%10)),
  ('0' + ((SIZE / 10)%10)),
  ('0' +  (SIZE    % 10)),
  ']',
#ifdef KEY
  ' ','k','e','y','[', KEY, ']',
#endif
  '\0'};

#ifdef __CLASSIC_C__
int main(argc, argv) int argc; char *argv[];
#else
int main(int argc, char *argv[])
#endif
{
  int require = 0;
  require += info_size[argc];
  (void)argv;
  return require;
}


Determining if files sys/timerfd.h exist failed with the following output:
Change Dir: /Users/jcox9890/Documents/Dolphin-Lua-Mac/build/CMakeFiles/CMakeTmp

Run Build Command(s):/usr/bin/make -f Makefile cmTC_8fb1a/fast && /Applications/Xcode.app/Contents/Developer/usr/bin/make  -f CMakeFiles/cmTC_8fb1a.dir/build.make CMakeFiles/cmTC_8fb1a.dir/build
Building C object CMakeFiles/cmTC_8fb1a.dir/USBI_TIMERFD_AVAILABLE.c.o
/Applications/Xcode.app/Contents/Developer/Toolchains/XcodeDefault.xctoolchain/usr/bin/cc   -arch x86_64 -isysroot /Applications/Xcode.app/Contents/Developer/Platforms/MacOSX.platform/Developer/SDKs/MacOSX11.1.sdk -mmacosx-version-min=10.9 -MD -MT CMakeFiles/cmTC_8fb1a.dir/USBI_TIMERFD_AVAILABLE.c.o -MF CMakeFiles/cmTC_8fb1a.dir/USBI_TIMERFD_AVAILABLE.c.o.d -o CMakeFiles/cmTC_8fb1a.dir/USBI_TIMERFD_AVAILABLE.c.o -c /Users/jcox9890/Documents/Dolphin-Lua-Mac/build/CMakeFiles/CheckIncludeFiles/USBI_TIMERFD_AVAILABLE.c
/Users/jcox9890/Documents/Dolphin-Lua-Mac/build/CMakeFiles/CheckIncludeFiles/USBI_TIMERFD_AVAILABLE.c:2:10: fatal error: 'sys/timerfd.h' file not found
#include <sys/timerfd.h>
         ^~~~~~~~~~~~~~~
1 error generated.
make[1]: *** [CMakeFiles/cmTC_8fb1a.dir/USBI_TIMERFD_AVAILABLE.c.o] Error 1
make: *** [cmTC_8fb1a/fast] Error 2


Source:
/* */
#include <sys/timerfd.h>


int main(void){return 0;}

Performing C SOURCE FILE Test FLAG_C_CXX17 failed with the following output:
Change Dir: /Users/jcox9890/Documents/Dolphin-Lua-Mac/build/CMakeFiles/CMakeTmp

Run Build Command(s):/usr/bin/make -f Makefile cmTC_f8f26/fast && /Applications/Xcode.app/Contents/Developer/usr/bin/make  -f CMakeFiles/cmTC_f8f26.dir/build.make CMakeFiles/cmTC_f8f26.dir/build
Building C object CMakeFiles/cmTC_f8f26.dir/src.c.o
/Applications/Xcode.app/Contents/Developer/Toolchains/XcodeDefault.xctoolchain/usr/bin/cc -DFLAG_C_CXX17  -arch x86_64 -isysroot /Applications/Xcode.app/Contents/Developer/Platforms/MacOSX.platform/Developer/SDKs/MacOSX11.1.sdk -mmacosx-version-min=10.9   -std=c++17 -MD -MT CMakeFiles/cmTC_f8f26.dir/src.c.o -MF CMakeFiles/cmTC_f8f26.dir/src.c.o.d -o CMakeFiles/cmTC_f8f26.dir/src.c.o -c /Users/jcox9890/Documents/Dolphin-Lua-Mac/build/CMakeFiles/CMakeTmp/src.c
error: invalid argument '-std=c++17' not allowed with 'C'
make[1]: *** [CMakeFiles/cmTC_f8f26.dir/src.c.o] Error 1
make: *** [cmTC_f8f26/fast] Error 2


Source file was:
int main(void) { return 0; }
